Command line:
   ModuleTB_isim_beh.exe
     -simmode  gui
     -simrunnum  0
     -socket  7259

Mon May 12 19:07:58 2014


 Elaboration Time: 0.0468 sec

 Current Memory Usage: 671.719 Meg

 Total Signals          : 42
 Total Nets             : 80
 Total Signal Drivers   : 15
 Total Blocks           : 11
 Total Primitive Blocks : 8
 Total Processes        : 8
 Total Traceable Variables  : 20
 Total Scalar Nets and Variables : 586
Total Line Count : 129

 Total Simulation Time: 0.889206 sec

 Current Memory Usage: 671.719 Meg

Mon May 12 19:17:31 2014

